<?xml version="1.0" encoding="UTF-8"?>
<testsuite name="reittitemp.BfsTest" tests="3" skipped="0" failures="0" errors="0" timestamp="2017-12-11T11:41:04" hostname="PC" time="0.095">
  <properties/>
  <testcase name="reittiaEiLoydy" classname="reittitemp.BfsTest" time="0.037"/>
  <testcase name="reittiLoytyyAinoanAukonLapi" classname="reittitemp.BfsTest" time="0.04"/>
  <testcase name="reittiLoytyyYhdenEsteenLuota" classname="reittitemp.BfsTest" time="0.016"/>
  <system-out><![CDATA[]]></system-out>
  <system-err><![CDATA[]]></system-err>
</testsuite>
