<?xml version="1.0" encoding="UTF-8"?>
<testsuite name="reittitemp.QueueTest" tests="1" skipped="0" failures="0" errors="0" timestamp="2017-12-11T11:41:04" hostname="PC" time="0.0">
  <properties/>
  <testcase name="jonoToimii" classname="reittitemp.QueueTest" time="0.0"/>
  <system-out><![CDATA[]]></system-out>
  <system-err><![CDATA[]]></system-err>
</testsuite>
