<?xml version="1.0" encoding="UTF-8"?>
<testsuite name="reittitemp.HeapTest" tests="4" skipped="0" failures="0" errors="0" timestamp="2017-12-11T11:41:04" hostname="PC" time="0.001">
  <properties/>
  <testcase name="lisaysToimii" classname="reittitemp.HeapTest" time="0.0"/>
  <testcase name="heapifyToimii" classname="reittitemp.HeapTest" time="0.0"/>
  <testcase name="delMinToimii" classname="reittitemp.HeapTest" time="0.0"/>
  <testcase name="konstrukotriToimii" classname="reittitemp.HeapTest" time="0.0"/>
  <system-out><![CDATA[]]></system-out>
  <system-err><![CDATA[]]></system-err>
</testsuite>
